<?xml version="1.0" encoding="UTF-8"?>
<!-- Generated by org.testng.reporters.JUnitReportReporter -->
<testsuite skipped="0" hostname="Radomir-PC" name="tests.RegistrationTest" tests="2" failures="0" timestamp="2020-04-03T21:01:38 CEST" time="37.826" errors="0">
  <testcase name="testLogIn" time="15.929" classname="tests.RegistrationTest"/>
  <system-out/>
  <testcase name="testRegistration" time="21.897" classname="tests.RegistrationTest"/>
  <system-out/>
</testsuite> <!-- tests.RegistrationTest -->
