<?xml version="1.0" encoding="UTF-8"?>
<!-- Generated by org.testng.reporters.JUnitReportReporter -->
<testsuite skipped="0" hostname="Radomir-PC" name="tests.SelectDressTest" tests="1" failures="0" timestamp="2020-04-03T21:01:38 CEST" time="35.354" errors="0">
  <testcase name="test" time="35.354" classname="tests.SelectDressTest"/>
  <system-out/>
</testsuite> <!-- tests.SelectDressTest -->
