<?xml version="1.0" encoding="UTF-8"?>
<!-- Generated by org.testng.reporters.JUnitReportReporter -->
<testsuite skipped="0" hostname="Radomir-PC" name="tests.LogInTest" tests="1" failures="0" timestamp="2020-04-03T13:28:50 CEST" time="23.139" errors="0">
  <testcase name="testLogIn" time="23.139" classname="tests.LogInTest"/>
  <system-out/>
</testsuite> <!-- tests.LogInTest -->
